<?xml version="1.0" encoding="UTF-8"?>
<!-- Generated by org.testng.reporters.JUnitReportReporter -->
<testsuite hostname="RajishaRaj" failures="0" tests="1" name="testScript.AdminUsersTest" time="6.445" errors="0" timestamp="2025-06-10T22:18:09 IST" skipped="0">
  <testcase classname="testScript.AdminUsersTest" name="verifyWhetherUserIsAbleToSearchForAUser" time="6.445"/>
</testsuite> <!-- testScript.AdminUsersTest -->
