<?xml version="1.0" encoding="UTF-8"?>
<!-- Generated by org.testng.reporters.JUnitReportReporter -->
<testsuite hostname="RajishaRaj" failures="0" tests="1" name="testScript.HomeTest" time="5.304" errors="0" timestamp="2025-06-16T12:05:05 IST" skipped="0">
  <testcase classname="testScript.HomeTest" name="verifywhetherUserIsAbleToLogoutSuccessfully" time="5.304"/>
</testsuite> <!-- testScript.HomeTest -->
