<?xml version="1.0" encoding="UTF-8"?>
<!-- Generated by org.testng.reporters.JUnitReportReporter -->
<testsuite hostname="RajishaRaj" failures="0" tests="1" name="testScript.LoginTest" time="7.768" errors="0" timestamp="2025-06-10T21:48:37 IST" skipped="0">
  <testcase classname="testScript.LoginTest" name="verifyUserLoginWithInvalidCredentials" time="7.768"/>
</testsuite> <!-- testScript.LoginTest -->
