<?xml version="1.0" encoding="UTF-8"?>
<!-- Generated by org.testng.reporters.JUnitReportReporter -->
<testsuite hostname="RajishaRaj" failures="0" tests="1" name="testScript.ManageNewsTest" time="5.552" errors="0" timestamp="2025-06-10T23:22:53 IST" skipped="0">
  <testcase classname="testScript.ManageNewsTest" name="verifyWhetherUserIsAbleToSearchAddedNews" time="5.552"/>
</testsuite> <!-- testScript.ManageNewsTest -->
