<?xml version="1.0" encoding="UTF-8"?>
<!-- Generated by org.testng.reporters.JUnitReportReporter -->
<testsuite hostname="RajishaRaj" failures="0" tests="1" name="testScript.AdminUsersTest" time="24.189" errors="0" timestamp="2025-06-02T11:23:44 IST" skipped="0">
  <testcase classname="testScript.AdminUsersTest" name="verifyWhetherUserIsAbleToAddNewAdminUser" time="24.189"/>
</testsuite> <!-- testScript.AdminUsersTest -->
