<?xml version="1.0" encoding="UTF-8"?>
<!-- Generated by org.testng.reporters.JUnitReportReporter -->
<testsuite hostname="RajishaRaj" failures="0" tests="1" name="testScript.HomeTest" time="7.592" errors="0" timestamp="2025-06-16T11:34:47 IST" skipped="0">
  <testcase classname="testScript.HomeTest" name="verifywhetherUserIsAbleToLogoutSuccessfully" time="7.592"/>
</testsuite> <!-- testScript.HomeTest -->
