<?xml version="1.0" encoding="UTF-8"?>
<!-- Generated by org.testng.reporters.JUnitReportReporter -->
<testsuite hostname="RajishaRaj" failures="0" tests="1" name="testScript.ManageCategoryTest" time="7.032" errors="0" timestamp="2025-06-09T10:46:47 IST" skipped="0">
  <testcase classname="testScript.ManageCategoryTest" name="verifywhetherUserIsAbleToAddNewCategory" time="7.032"/>
</testsuite> <!-- testScript.ManageCategoryTest -->
