<?xml version="1.0" encoding="UTF-8"?>
<!-- Generated by org.testng.reporters.JUnitReportReporter -->
<testsuite hostname="RajishaRaj" failures="0" tests="1" name="testScript.ManageCategoryTest" time="11.233" errors="0" timestamp="2025-06-15T14:57:14 IST" skipped="0">
  <testcase classname="testScript.ManageCategoryTest" name="verifywhetherUserIsAbleToAddNewCategory" time="11.233"/>
</testsuite> <!-- testScript.ManageCategoryTest -->
