<?xml version="1.0" encoding="UTF-8"?>
<!-- Generated by org.testng.reporters.JUnitReportReporter -->
<testsuite hostname="RajishaRaj" failures="0" tests="1" name="testScript.ManageNewsTest" time="6.859" errors="0" timestamp="2025-06-18T21:00:10 IST" skipped="0">
  <testcase classname="testScript.ManageNewsTest" name="verifyWhetherUserIsAbleToSearchAddedNews" time="6.859"/>
</testsuite> <!-- testScript.ManageNewsTest -->
