<?xml version="1.0" encoding="UTF-8"?>
<!-- Generated by org.testng.reporters.JUnitReportReporter -->
<testsuite hostname="RajishaRaj" failures="0" tests="2" name="testScript.AdminUsersTest" time="14.167" errors="0" timestamp="2025-06-15T15:01:09 IST" skipped="0">
  <testcase classname="testScript.AdminUsersTest" name="verifyWhetherUserIsAbleToAddNewAdminUser" time="9.429"/>
  <testcase classname="testScript.AdminUsersTest" name="verifyWhetherUserIsAbleToSearchForAUser" time="4.738"/>
</testsuite> <!-- testScript.AdminUsersTest -->
