<?xml version="1.0" encoding="UTF-8"?>
<!-- Generated by org.testng.reporters.JUnitReportReporter -->
<testsuite hostname="RajishaRaj" failures="0" tests="1" name="testScript.LoginTest" time="4.317" errors="0" timestamp="2025-06-16T12:05:05 IST" skipped="0">
  <testcase classname="testScript.LoginTest" name="verifyUserLoginWithInvalidCredentials" time="4.317"/>
</testsuite> <!-- testScript.LoginTest -->
