<?xml version="1.0" encoding="UTF-8"?>
<!-- Generated by org.testng.reporters.JUnitReportReporter -->
<testsuite hostname="RajishaRaj" failures="0" tests="1" name="testScript.LoginTest" time="5.281" errors="0" timestamp="2025-06-16T11:34:47 IST" skipped="0">
  <testcase classname="testScript.LoginTest" name="verifyUserLoginWithValidCredentials" time="5.281"/>
</testsuite> <!-- testScript.LoginTest -->
