<?xml version="1.0" encoding="UTF-8"?>
<!-- Generated by org.testng.reporters.JUnitReportReporter -->
<testsuite hostname="RajishaRaj" failures="0" tests="1" name="testScript.ManageNewsTest" time="4.876" errors="0" timestamp="2025-05-30T12:27:11 IST" skipped="0">
  <testcase classname="testScript.ManageNewsTest" name="verifyWhetherUserIsAbleToSearchAddedNews" time="4.876"/>
</testsuite> <!-- testScript.ManageNewsTest -->
