<?xml version="1.0" encoding="UTF-8"?>
<!-- Generated by org.testng.reporters.JUnitReportReporter -->
<testsuite hostname="RajishaRaj" failures="0" tests="1" name="testScript.ManageCategoryTest" time="6.456" errors="0" timestamp="2025-06-02T11:37:44 IST" skipped="0">
  <testcase classname="testScript.ManageCategoryTest" name="verifywhetherUserIsAbleToAddNewCategory" time="6.456"/>
</testsuite> <!-- testScript.ManageCategoryTest -->
