<?xml version="1.0" encoding="UTF-8"?>
<!-- Generated by org.testng.reporters.JUnitReportReporter -->
<testsuite hostname="RajishaRaj" failures="0" tests="2" name="testScript.ManageNewsTest" time="10.809" errors="0" timestamp="2025-06-15T15:03:21 IST" skipped="0">
  <testcase classname="testScript.ManageNewsTest" name="verifyWhetherUserIsAbleToSearchAddedNews" time="5.321"/>
  <testcase classname="testScript.ManageNewsTest" name="verifyWhetherUserIsAbleToAddNewNews" time="5.488"/>
</testsuite> <!-- testScript.ManageNewsTest -->
