<?xml version="1.0" encoding="UTF-8"?>
<!-- Generated by org.testng.reporters.JUnitReportReporter -->
<testsuite hostname="RajishaRaj" failures="0" tests="1" name="testScript.HomeTest" time="5.761" errors="0" timestamp="2025-06-17T10:26:53 IST" skipped="0">
  <testcase classname="testScript.HomeTest" name="verifywhetherUserIsAbleToLogoutSuccessfully" time="5.761"/>
</testsuite> <!-- testScript.HomeTest -->
