<?xml version="1.0" encoding="UTF-8"?>
<!-- Generated by org.testng.reporters.JUnitReportReporter -->
<testsuite hostname="RajishaRaj" failures="0" tests="1" name="seleniumBasics.TestNGAnnotations" time="0.027" errors="0" timestamp="2025-05-23T10:40:18 IST" skipped="0">
  <testcase classname="seleniumBasics.TestNGAnnotations" name="testcase" time="0.027"/>
</testsuite> <!-- seleniumBasics.TestNGAnnotations -->
