<?xml version="1.0" encoding="UTF-8"?>
<!-- Generated by org.testng.reporters.JUnitReportReporter -->
<testsuite hostname="RajishaRaj" failures="0" tests="1" name="testScript.LoginTest" time="3.101" errors="0" timestamp="2025-05-27T15:42:57 IST" skipped="0">
  <testcase classname="testScript.LoginTest" name="verifyUserLoginWithInvalidCredentials" time="3.101"/>
</testsuite> <!-- testScript.LoginTest -->
