<?xml version="1.0" encoding="UTF-8"?>
<!-- Generated by org.testng.reporters.JUnitReportReporter -->
<testsuite hostname="RajishaRaj" failures="0" tests="1" name="testScript.LoginTest" time="6.079" errors="0" timestamp="2025-05-23T11:08:36 IST" skipped="0">
  <testcase classname="testScript.LoginTest" name="verifyUserLoginWithInvalidCredentials" time="6.079"/>
</testsuite> <!-- testScript.LoginTest -->
